2025-06-17 15:49:07,299 ERROR frappe New Exception collected in error log
Site: erp.mylocal.site
Form Dict: {}
2025-06-17 15:49:28,861 ERROR frappe New Exception collected in error log
Site: erp.mylocal.site
Form Dict: {}
2025-06-17 15:49:29,335 ERROR frappe New Exception collected in error log
Site: erp.mylocal.site
Form Dict: {}
2025-06-17 15:49:34,565 ERROR frappe New Exception collected in error log
Site: erp.mylocal.site
Form Dict: {}
2025-06-17 15:49:34,800 ERROR frappe New Exception collected in error log
Site: erp.mylocal.site
Form Dict: {}
2025-06-17 15:49:39,750 ERROR frappe New Exception collected in error log
Site: erp.mylocal.site
Form Dict: {}
2025-06-17 15:49:40,044 ERROR frappe New Exception collected in error log
Site: erp.mylocal.site
Form Dict: {}
2025-06-17 15:49:42,684 ERROR frappe New Exception collected in error log
Site: erp.mylocal.site
Form Dict: {}
2025-06-17 15:49:42,933 ERROR frappe New Exception collected in error log
Site: erp.mylocal.site
Form Dict: {}
2025-06-17 15:49:47,765 ERROR frappe New Exception collected in error log
Site: erp.mylocal.site
Form Dict: {}
2025-06-17 15:49:48,036 ERROR frappe New Exception collected in error log
Site: erp.mylocal.site
Form Dict: {}
2025-06-17 15:49:49,197 ERROR frappe New Exception collected in error log
Site: erp.mylocal.site
Form Dict: {}
2025-06-17 15:49:49,456 ERROR frappe New Exception collected in error log
Site: erp.mylocal.site
Form Dict: {}
2025-06-17 15:49:50,218 ERROR frappe New Exception collected in error log
Site: erp.mylocal.site
Form Dict: {}
2025-06-17 15:49:50,446 ERROR frappe New Exception collected in error log
Site: erp.mylocal.site
Form Dict: {}
2025-06-17 15:49:51,378 ERROR frappe New Exception collected in error log
Site: erp.mylocal.site
Form Dict: {}
2025-06-17 15:49:51,591 ERROR frappe New Exception collected in error log
Site: erp.mylocal.site
Form Dict: {}
2025-06-17 15:49:52,442 ERROR frappe New Exception collected in error log
Site: erp.mylocal.site
Form Dict: {}
2025-06-17 15:49:52,682 ERROR frappe New Exception collected in error log
Site: erp.mylocal.site
Form Dict: {}
2025-06-17 15:50:02,884 ERROR frappe New Exception collected in error log
Site: erp.mylocal.site
Form Dict: {}
2025-06-17 15:50:03,252 ERROR frappe New Exception collected in error log
Site: erp.mylocal.site
Form Dict: {}
2025-06-17 15:50:08,666 ERROR frappe New Exception collected in error log
Site: erp.mylocal.site
Form Dict: {}
2025-06-17 15:50:08,932 ERROR frappe New Exception collected in error log
Site: erp.mylocal.site
Form Dict: {}
2025-06-17 15:50:44,858 ERROR frappe New Exception collected in error log
Site: erp.mylocal.site
Form Dict: {}
2025-06-17 15:50:45,117 ERROR frappe New Exception collected in error log
Site: erp.mylocal.site
Form Dict: {}
2025-06-17 15:50:47,363 ERROR frappe New Exception collected in error log
Site: erp.mylocal.site
Form Dict: {}
2025-06-17 15:50:47,648 ERROR frappe New Exception collected in error log
Site: erp.mylocal.site
Form Dict: {}
2025-06-17 15:51:40,170 ERROR frappe New Exception collected in error log
Site: erp.mylocal.site
Form Dict: {}
2025-06-17 15:51:40,480 ERROR frappe New Exception collected in error log
Site: erp.mylocal.site
Form Dict: {}
2025-06-17 15:51:41,980 ERROR frappe New Exception collected in error log
Site: erp.mylocal.site
Form Dict: {}
2025-06-17 15:51:42,262 ERROR frappe New Exception collected in error log
Site: erp.mylocal.site
Form Dict: {}
2025-06-17 15:52:26,301 ERROR frappe New Exception collected in error log
Site: erp.mylocal.site
Form Dict: {}
2025-06-17 15:52:26,666 ERROR frappe New Exception collected in error log
Site: erp.mylocal.site
Form Dict: {}
2025-06-17 15:52:27,596 ERROR frappe New Exception collected in error log
Site: erp.mylocal.site
Form Dict: {}
2025-06-17 15:52:27,917 ERROR frappe New Exception collected in error log
Site: erp.mylocal.site
Form Dict: {}
2025-06-17 15:52:30,428 ERROR frappe New Exception collected in error log
Site: erp.mylocal.site
Form Dict: {}
2025-06-17 15:52:30,652 ERROR frappe New Exception collected in error log
Site: erp.mylocal.site
Form Dict: {}
2025-06-17 15:52:34,005 ERROR frappe New Exception collected in error log
Site: erp.mylocal.site
Form Dict: {}
2025-06-17 15:52:34,277 ERROR frappe New Exception collected in error log
Site: erp.mylocal.site
Form Dict: {}
2025-06-17 15:53:08,523 ERROR frappe New Exception collected in error log
Site: erp.mylocal.site
Form Dict: {}
2025-06-17 15:53:08,764 ERROR frappe New Exception collected in error log
Site: erp.mylocal.site
Form Dict: {}
2025-06-17 15:53:10,217 ERROR frappe New Exception collected in error log
Site: erp.mylocal.site
Form Dict: {}
2025-06-17 15:53:10,500 ERROR frappe New Exception collected in error log
Site: erp.mylocal.site
Form Dict: {}
2025-06-17 15:53:14,688 ERROR frappe New Exception collected in error log
Site: erp.mylocal.site
Form Dict: {}
2025-06-17 15:53:14,937 ERROR frappe New Exception collected in error log
Site: erp.mylocal.site
Form Dict: {}
2025-06-17 15:53:16,714 ERROR frappe New Exception collected in error log
Site: erp.mylocal.site
Form Dict: {}
2025-06-17 15:53:16,939 ERROR frappe New Exception collected in error log
Site: erp.mylocal.site
Form Dict: {}
2025-06-17 15:53:20,555 ERROR frappe New Exception collected in error log
Site: erp.mylocal.site
Form Dict: {}
2025-06-17 15:53:21,367 ERROR frappe New Exception collected in error log
Site: erp.mylocal.site
Form Dict: {}
2025-06-17 15:53:21,389 ERROR frappe New Exception collected in error log
Site: erp.mylocal.site
Form Dict: {}
2025-06-17 15:53:22,004 ERROR frappe New Exception collected in error log
Site: erp.mylocal.site
Form Dict: {}
2025-06-17 15:53:22,550 ERROR frappe New Exception collected in error log
Site: erp.mylocal.site
Form Dict: {}
2025-06-17 15:53:22,554 ERROR frappe New Exception collected in error log
Site: erp.mylocal.site
Form Dict: {}
2025-06-17 15:53:23,041 ERROR frappe New Exception collected in error log
Site: erp.mylocal.site
Form Dict: {}
2025-06-17 15:54:06,958 ERROR frappe New Exception collected in error log
Site: erp.mylocal.site
Form Dict: {}
2025-06-17 15:55:21,213 ERROR frappe New Exception collected in error log
Site: erp.mylocal.site
Form Dict: {}
2025-06-17 15:55:21,813 ERROR frappe New Exception collected in error log
Site: erp.mylocal.site
Form Dict: {}
2025-06-17 15:55:21,822 ERROR frappe New Exception collected in error log
Site: erp.mylocal.site
Form Dict: {}
2025-06-17 15:55:22,312 ERROR frappe New Exception collected in error log
Site: erp.mylocal.site
Form Dict: {}
2025-06-17 15:55:23,624 ERROR frappe New Exception collected in error log
Site: erp.mylocal.site
Form Dict: {}
2025-06-17 15:55:24,435 ERROR frappe New Exception collected in error log
Site: erp.mylocal.site
Form Dict: {}
2025-06-17 15:55:24,435 ERROR frappe New Exception collected in error log
Site: erp.mylocal.site
Form Dict: {}
2025-06-17 15:55:25,711 ERROR frappe New Exception collected in error log
Site: erp.mylocal.site
Form Dict: {}
2025-06-17 15:55:25,855 ERROR frappe New Exception collected in error log
Site: erp.mylocal.site
Form Dict: {}
2025-06-17 15:55:26,004 ERROR frappe New Exception collected in error log
Site: erp.mylocal.site
Form Dict: {}
2025-06-17 15:55:26,148 ERROR frappe New Exception collected in error log
Site: erp.mylocal.site
Form Dict: {}
2025-06-17 15:55:26,271 ERROR frappe New Exception collected in error log
Site: erp.mylocal.site
Form Dict: {}
2025-06-17 15:55:26,347 ERROR frappe New Exception collected in error log
Site: erp.mylocal.site
Form Dict: {}
2025-06-17 15:55:26,354 ERROR frappe New Exception collected in error log
Site: erp.mylocal.site
Form Dict: {}
2025-06-17 15:55:26,447 ERROR frappe New Exception collected in error log
Site: erp.mylocal.site
Form Dict: {}
2025-06-17 15:55:26,481 ERROR frappe New Exception collected in error log
Site: erp.mylocal.site
Form Dict: {}
2025-06-17 15:55:26,511 ERROR frappe New Exception collected in error log
Site: erp.mylocal.site
Form Dict: {}
2025-06-17 15:55:27,027 ERROR frappe New Exception collected in error log
Site: erp.mylocal.site
Form Dict: {}
2025-06-17 15:55:27,034 ERROR frappe New Exception collected in error log
Site: erp.mylocal.site
Form Dict: {}
2025-06-17 15:55:27,460 ERROR frappe New Exception collected in error log
Site: erp.mylocal.site
Form Dict: {}
2025-06-17 15:55:29,094 ERROR frappe New Exception collected in error log
Site: erp.mylocal.site
Form Dict: {}
2025-06-17 15:55:29,383 ERROR frappe New Exception collected in error log
Site: erp.mylocal.site
Form Dict: {}
2025-06-17 15:55:31,943 ERROR frappe New Exception collected in error log
Site: erp.mylocal.site
Form Dict: {}
2025-06-17 15:55:32,181 ERROR frappe New Exception collected in error log
Site: erp.mylocal.site
Form Dict: {}
2025-06-17 15:55:33,723 ERROR frappe New Exception collected in error log
Site: erp.mylocal.site
Form Dict: {}
2025-06-17 15:55:33,971 ERROR frappe New Exception collected in error log
Site: erp.mylocal.site
Form Dict: {}
2025-06-17 15:55:34,462 ERROR frappe New Exception collected in error log
Site: erp.mylocal.site
Form Dict: {}
2025-06-17 15:55:34,726 ERROR frappe New Exception collected in error log
Site: erp.mylocal.site
Form Dict: {}
2025-06-17 15:55:34,946 ERROR frappe New Exception collected in error log
Site: erp.mylocal.site
Form Dict: {}
2025-06-17 15:55:35,221 ERROR frappe New Exception collected in error log
Site: erp.mylocal.site
Form Dict: {}
2025-06-18 15:49:52,559 ERROR frappe New Exception collected in error log
Site: erp.mylocal.site
Form Dict: {'report_name': 'Part Research Report', 'filters': '{"from_date":"2025-05-18","to_date":"2025-06-18"}', 'ignore_prepared_report': 'false', 'are_default_filters': 'false', 'cmd': 'frappe.desk.query_report.run'}
2025-06-18 15:49:52,622 ERROR frappe New Exception collected in error log
Site: erp.mylocal.site
Form Dict: {'report_name': 'Part Research Report', 'filters': '{"from_date":"2025-05-18","to_date":"2025-06-18"}', 'ignore_prepared_report': 'false', 'are_default_filters': 'true', 'cmd': 'frappe.desk.query_report.run'}
2025-06-18 15:51:01,883 ERROR frappe New Exception collected in error log
Site: erp.mylocal.site
Form Dict: {'report_name': 'Part Research Report', 'filters': '{"from_date":"2025-05-18","to_date":"2025-06-18"}', 'ignore_prepared_report': 'false', 'are_default_filters': 'false', 'cmd': 'frappe.desk.query_report.run'}
2025-06-18 15:51:02,171 ERROR frappe New Exception collected in error log
Site: erp.mylocal.site
Form Dict: {'report_name': 'Part Research Report', 'filters': '{"from_date":"2025-05-18","to_date":"2025-06-18"}', 'ignore_prepared_report': 'false', 'are_default_filters': 'true', 'cmd': 'frappe.desk.query_report.run'}
2025-06-18 15:51:17,155 ERROR frappe New Exception collected in error log
Site: erp.mylocal.site
Form Dict: {'report_name': 'Part Research Report', 'filters': '{"item_code":"SKU001","from_date":"2025-05-18","to_date":"2025-06-18"}', 'ignore_prepared_report': 'false', 'are_default_filters': 'false', 'cmd': 'frappe.desk.query_report.run'}
2025-06-18 15:52:43,886 ERROR frappe New Exception collected in error log
Site: erp.mylocal.site
Form Dict: {'report_name': 'Part Research Report', 'filters': '{"item_code":"SKU001","from_date":"2025-05-18","to_date":"2025-06-18"}', 'ignore_prepared_report': 'false', 'are_default_filters': 'false', 'cmd': 'frappe.desk.query_report.run'}
2025-06-18 16:16:59,484 ERROR frappe New Exception collected in error log
Site: erp.mylocal.site
Form Dict: {'report_name': 'Part Research Report', 'filters': '{"from_date":"2025-05-18","to_date":"2025-06-18"}', 'ignore_prepared_report': 'false', 'are_default_filters': 'false', 'cmd': 'frappe.desk.query_report.run'}
2025-06-18 16:16:59,648 ERROR frappe New Exception collected in error log
Site: erp.mylocal.site
Form Dict: {'report_name': 'Part Research Report', 'filters': '{"from_date":"2025-05-18","to_date":"2025-06-18"}', 'ignore_prepared_report': 'false', 'are_default_filters': 'true', 'cmd': 'frappe.desk.query_report.run'}
2025-06-18 16:18:15,833 ERROR frappe New Exception collected in error log
Site: erp.mylocal.site
Form Dict: {'report_name': 'Part Research Report', 'filters': '{"from_date":"2025-05-18","to_date":"2025-06-18"}', 'ignore_prepared_report': 'false', 'are_default_filters': 'false', 'cmd': 'frappe.desk.query_report.run'}
2025-06-18 16:18:15,970 ERROR frappe New Exception collected in error log
Site: erp.mylocal.site
Form Dict: {'report_name': 'Part Research Report', 'filters': '{"from_date":"2025-05-18","to_date":"2025-06-18"}', 'ignore_prepared_report': 'false', 'are_default_filters': 'true', 'cmd': 'frappe.desk.query_report.run'}
2025-06-18 17:55:57,572 ERROR frappe New Exception collected in error log
Site: erp.mylocal.site
Form Dict: {'report_name': 'Part Research Report', 'filters': '{}', 'ignore_prepared_report': 'false', 'are_default_filters': 'true', 'cmd': 'frappe.desk.query_report.run'}
2025-06-18 17:57:36,605 ERROR frappe New Exception collected in error log
Site: erp.mylocal.site
Form Dict: {'report_name': 'Part Research Report', 'filters': '{}', 'ignore_prepared_report': 'false', 'are_default_filters': 'true', 'cmd': 'frappe.desk.query_report.run'}
2025-06-18 17:59:34,617 ERROR frappe New Exception collected in error log
Site: erp.mylocal.site
Form Dict: {'report_name': 'Part Research Report', 'filters': '{}', 'ignore_prepared_report': 'false', 'are_default_filters': 'true', 'cmd': 'frappe.desk.query_report.run'}
2025-06-18 18:02:52,665 ERROR frappe Error while inserting deferred Error Log record: Error Log ssej6att9k: 'Title' ((1064, "You have an error in your SQL syntax; check the manual that corresponds to your MariaDB server version for the right syntax to use near 'is ON i.name = is.parent  -- Corrected to tabItem Supplier\n        LEFT JOIN ...' at line 44")) will get truncated, as max characters allowed is 140
Site: erp.mylocal.site
Form Dict: {}
2025-06-18 18:03:05,381 ERROR frappe New Exception collected in error log
Site: erp.mylocal.site
Form Dict: {'report_name': 'Part Research Report', 'filters': '{}', 'ignore_prepared_report': 'false', 'are_default_filters': 'true', 'cmd': 'frappe.desk.query_report.run'}
2025-06-18 18:03:12,657 ERROR frappe New Exception collected in error log
Site: erp.mylocal.site
Form Dict: {'report_name': 'Part Research Report', 'filters': '{}', 'ignore_prepared_report': 'false', 'are_default_filters': 'true', 'cmd': 'frappe.desk.query_report.run'}
2025-06-18 18:03:30,801 ERROR frappe New Exception collected in error log
Site: erp.mylocal.site
Form Dict: {'report_name': 'Part Research Report', 'filters': '{}', 'ignore_prepared_report': 'false', 'are_default_filters': 'true', 'cmd': 'frappe.desk.query_report.run'}
2025-06-18 18:05:16,928 ERROR frappe New Exception collected in error log
Site: erp.mylocal.site
Form Dict: {'report_name': 'Part Research Report', 'filters': '{}', 'ignore_prepared_report': 'false', 'are_default_filters': 'true', 'cmd': 'frappe.desk.query_report.run'}
2025-06-18 18:11:42,453 ERROR frappe New Exception collected in error log
Site: erp.mylocal.site
Form Dict: {'report_name': 'Part Research Report', 'filters': '{}', 'ignore_prepared_report': 'false', 'are_default_filters': 'true', 'cmd': 'frappe.desk.query_report.run'}
2025-06-18 18:27:26,966 ERROR frappe New Exception collected in error log
Site: erp.mylocal.site
Form Dict: {'report_name': 'Part Research Report', 'filters': '{}', 'ignore_prepared_report': 'false', 'are_default_filters': 'true', 'cmd': 'frappe.desk.query_report.run'}
2025-06-18 18:27:44,140 ERROR frappe Error while inserting deferred Error Log record: Error Log beg0f8r3p1: 'Title' ((1064, "You have an error in your SQL syntax; check the manual that corresponds to your MariaDB server version for the right syntax to use near 'is ON i.name = is.parent\n        LEFT JOIN `tabSales Order Item` soi ON i.ite...' at line 44")) will get truncated, as max characters allowed is 140
Site: erp.mylocal.site
Form Dict: {}
2025-06-18 18:27:44,143 ERROR frappe Error while inserting deferred Error Log record: Error Log beh2go5j3j: 'Title' ((1064, "You have an error in your SQL syntax; check the manual that corresponds to your MariaDB server version for the right syntax to use near 'is ON i.name = is.parent\n        LEFT JOIN `tabSales Order Item` soi ON i.ite...' at line 44")) will get truncated, as max characters allowed is 140
Site: erp.mylocal.site
Form Dict: {}
2025-06-18 18:27:44,144 ERROR frappe Error while inserting deferred Error Log record: Error Log beh5an8guo: 'Title' ((1064, "You have an error in your SQL syntax; check the manual that corresponds to your MariaDB server version for the right syntax to use near 'is ON i.name = is.parent\n        LEFT JOIN `tabSales Order Item` soi ON i.ite...' at line 44")) will get truncated, as max characters allowed is 140
Site: erp.mylocal.site
Form Dict: {}
2025-06-18 18:28:31,671 ERROR frappe New Exception collected in error log
Site: erp.mylocal.site
Form Dict: {'report_name': 'Part Research Report', 'filters': '{}', 'ignore_prepared_report': 'false', 'are_default_filters': 'true', 'cmd': 'frappe.desk.query_report.run'}
2025-06-18 18:43:28,356 ERROR frappe New Exception collected in error log
Site: erp.mylocal.site
Form Dict: {'report_name': 'Part Research Report', 'filters': '{}', 'ignore_prepared_report': 'false', 'are_default_filters': 'true', 'cmd': 'frappe.desk.query_report.run'}
2025-06-18 18:58:54,637 ERROR frappe New Exception collected in error log
Site: erp.mylocal.site
Form Dict: {'report_name': 'Part Research Report', 'filters': '{}', 'ignore_prepared_report': 'false', 'are_default_filters': 'true', 'cmd': 'frappe.desk.query_report.run'}
2025-06-18 19:00:49,487 ERROR frappe New Exception collected in error log
Site: erp.mylocal.site
Form Dict: {'report_name': 'Part Research Report', 'filters': '{}', 'ignore_prepared_report': 'false', 'are_default_filters': 'true', 'cmd': 'frappe.desk.query_report.run'}
2025-06-18 19:00:54,738 ERROR frappe New Exception collected in error log
Site: erp.mylocal.site
Form Dict: {'report_name': 'Part Research Report', 'filters': '{}', 'ignore_prepared_report': 'false', 'are_default_filters': 'true', 'cmd': 'frappe.desk.query_report.run'}
2025-06-18 19:02:43,977 ERROR frappe New Exception collected in error log
Site: erp.mylocal.site
Form Dict: {'report_name': 'Part Research Report', 'filters': '{}', 'ignore_prepared_report': 'false', 'are_default_filters': 'true', 'cmd': 'frappe.desk.query_report.run'}
2025-06-18 19:07:55,715 ERROR frappe New Exception collected in error log
Site: erp.mylocal.site
Form Dict: {'report_name': 'Part Research Report', 'filters': '{"item_code":"SKU002"}', 'ignore_prepared_report': 'false', 'are_default_filters': 'false', 'cmd': 'frappe.desk.query_report.run'}
2025-06-18 19:07:55,746 ERROR frappe New Exception collected in error log
Site: erp.mylocal.site
Form Dict: {'report_name': 'Part Research Report', 'filters': '{"item_code":"SKU002"}', 'ignore_prepared_report': 'false', 'are_default_filters': 'false', 'cmd': 'frappe.desk.query_report.run'}
2025-06-18 19:08:40,821 ERROR frappe New Exception collected in error log
Site: erp.mylocal.site
Form Dict: {'report_name': 'Part Research Report', 'filters': '{"item_code":"SKU002"}', 'ignore_prepared_report': 'false', 'are_default_filters': 'false', 'cmd': 'frappe.desk.query_report.run'}
2025-06-18 19:08:41,015 ERROR frappe New Exception collected in error log
Site: erp.mylocal.site
Form Dict: {'report_name': 'Part Research Report', 'filters': '{"item_code":"SKU002"}', 'ignore_prepared_report': 'false', 'are_default_filters': 'false', 'cmd': 'frappe.desk.query_report.run'}
2025-06-24 12:17:05,691 ERROR frappe New Exception collected in error log
Site: erp.mylocal.site
Form Dict: {'filters': '[{"fieldname":"item_code","value":null},{"fieldname":"item_group","value":null},{"fieldname":"supplier","value":null},{"fieldname":"warehouse","value":null},{"fieldname":"end_of_life","value":null},{"fieldname":"min_order_qty","value":null}]', 'cmd': 'part_research.part_research.report.part_research_report.part_research_report.get_history_data'}
2025-06-24 12:21:39,811 ERROR frappe New Exception collected in error log
Site: erp.mylocal.site
Form Dict: {'filters': '[{"fieldname":"item_code","value":null},{"fieldname":"item_group","value":null},{"fieldname":"supplier","value":null},{"fieldname":"warehouse","value":null},{"fieldname":"end_of_life","value":null},{"fieldname":"min_order_qty","value":null}]', 'cmd': 'part_research.part_research.report.part_research_report.part_research_report.get_history_data'}
2025-06-24 12:23:33,898 ERROR frappe New Exception collected in error log
Site: erp.mylocal.site
Form Dict: {'filters': '[{"fieldname":"item_code","value":null},{"fieldname":"item_group","value":null},{"fieldname":"supplier","value":null},{"fieldname":"warehouse","value":null},{"fieldname":"end_of_life","value":null},{"fieldname":"min_order_qty","value":null}]', 'cmd': 'part_research.part_research.report.part_research_report.part_research_report.get_history_data'}
2025-06-24 12:27:00,190 ERROR frappe New Exception collected in error log
Site: erp.mylocal.site
Form Dict: {'filters': '[{"fieldname":"item_code","value":null},{"fieldname":"item_group","value":null},{"fieldname":"supplier","value":null},{"fieldname":"warehouse","value":null},{"fieldname":"end_of_life","value":null},{"fieldname":"min_order_qty","value":null}]', 'cmd': 'part_research.part_research.report.part_research_report.part_research_report.get_history_data'}
2025-06-24 13:42:00,657 ERROR frappe New Exception collected in error log
Site: erp.mylocal.site
Form Dict: {'filters': '[{"fieldname":"item_code","value":null},{"fieldname":"item_group","value":null},{"fieldname":"supplier","value":null},{"fieldname":"warehouse","value":null},{"fieldname":"end_of_life","value":null},{"fieldname":"min_order_qty","value":null}]', 'cmd': 'part_research.part_research.report.part_research_report.part_research_report.get_history_data'}
2025-06-24 13:44:30,181 ERROR frappe New Exception collected in error log
Site: erp.mylocal.site
Form Dict: {'filters': '[{"fieldname":"item_code","value":null},{"fieldname":"item_group","value":null},{"fieldname":"supplier","value":null},{"fieldname":"warehouse","value":null},{"fieldname":"end_of_life","value":null},{"fieldname":"min_order_qty","value":null}]', 'cmd': 'part_research.part_research.report.part_research_report.part_research_report.get_history_data'}
2025-06-24 13:49:17,460 ERROR frappe New Exception collected in error log
Site: erp.mylocal.site
Form Dict: {'filters': '[{"fieldname":"item_code","value":null},{"fieldname":"item_group","value":null},{"fieldname":"supplier","value":null},{"fieldname":"warehouse","value":null},{"fieldname":"end_of_life","value":null},{"fieldname":"min_order_qty","value":null}]', 'cmd': 'part_research.part_research.report.part_research_report.part_research_report.get_history_data'}
2025-06-24 13:50:16,398 ERROR frappe New Exception collected in error log
Site: erp.mylocal.site
Form Dict: {'filters': '[{"fieldname":"item_code","value":null},{"fieldname":"item_group","value":null},{"fieldname":"supplier","value":null},{"fieldname":"warehouse","value":null},{"fieldname":"end_of_life","value":null},{"fieldname":"min_order_qty","value":null}]', 'cmd': 'part_research.part_research.report.part_research_report.part_research_report.get_history_data'}
2025-06-24 13:57:49,072 ERROR frappe New Exception collected in error log
Site: erp.mylocal.site
Form Dict: {'filters': '[{"fieldname":"item_code","value":null},{"fieldname":"item_group","value":null},{"fieldname":"supplier","value":null},{"fieldname":"warehouse","value":null},{"fieldname":"end_of_life","value":null},{"fieldname":"min_order_qty","value":null}]', 'cmd': 'part_research.part_research.report.part_research_report.part_research_report.get_history_data'}
2025-06-24 13:58:51,183 ERROR frappe New Exception collected in error log
Site: erp.mylocal.site
Form Dict: {'filters': '[{"fieldname":"item_code","value":null},{"fieldname":"item_group","value":null},{"fieldname":"supplier","value":null},{"fieldname":"warehouse","value":null},{"fieldname":"end_of_life","value":null},{"fieldname":"min_order_qty","value":null}]', 'cmd': 'part_research.part_research.report.part_research_report.part_research_report.get_history_data'}
2025-06-24 14:43:56,575 ERROR frappe New Exception collected in error log
Site: erp.mylocal.site
Form Dict: {'filters': '[{"fieldname":"item_code","value":null},{"fieldname":"item_group","value":null},{"fieldname":"supplier","value":null},{"fieldname":"warehouse","value":null},{"fieldname":"end_of_life","value":null},{"fieldname":"min_order_qty","value":null}]', 'cmd': 'part_research.part_research.report.part_research_report.part_research_report.get_history_data'}
2025-06-24 14:48:35,210 ERROR frappe New Exception collected in error log
Site: erp.mylocal.site
Form Dict: {'filters': '[{"fieldname":"item_code","value":null},{"fieldname":"item_group","value":null},{"fieldname":"supplier","value":null},{"fieldname":"warehouse","value":null},{"fieldname":"end_of_life","value":null},{"fieldname":"min_order_qty","value":null}]', 'cmd': 'part_research.part_research.report.part_research_report.part_research_report.get_history_data'}
2025-06-24 15:16:32,491 ERROR frappe New Exception collected in error log
Site: erp.mylocal.site
Form Dict: {'filters': '[{"fieldname":"item_code","value":null},{"fieldname":"item_group","value":null},{"fieldname":"supplier","value":null},{"fieldname":"warehouse","value":null},{"fieldname":"end_of_life","value":null},{"fieldname":"min_order_qty","value":null}]', 'cmd': 'part_research.part_research.report.part_research_report.part_research_report.get_history_data'}
2025-06-25 13:41:20,047 ERROR frappe New Exception collected in error log
Site: erp.mylocal.site
Form Dict: {'filters': '[{"fieldname":"item_code","value":"SKU001"}]', 'cmd': 'part_research.part_research.report.part_research_report.part_research_report.get_history_data'}
2025-06-25 13:41:54,056 ERROR frappe New Exception collected in error log
Site: erp.mylocal.site
Form Dict: {'filters': '[{"fieldname":"item_code","value":"SKU001"},{"fieldname":"item_group","value":null},{"fieldname":"supplier","value":null},{"fieldname":"warehouse","value":null},{"fieldname":"end_of_life","value":null},{"fieldname":"min_order_qty","value":null}]', 'cmd': 'part_research.part_research.report.part_research_report.part_research_report.get_history_data'}
2025-06-25 13:42:20,955 ERROR frappe New Exception collected in error log
Site: erp.mylocal.site
Form Dict: {'filters': '[{"fieldname":"item_code","value":"SKU001"},{"fieldname":"item_group","value":null},{"fieldname":"supplier","value":null},{"fieldname":"warehouse","value":null},{"fieldname":"end_of_life","value":null},{"fieldname":"min_order_qty","value":null}]', 'cmd': 'part_research.part_research.report.part_research_report.part_research_report.get_history_data'}
2025-06-27 14:59:08,082 ERROR frappe New Exception collected in error log
Site: erp.mylocal.site
Form Dict: {'report_name': 'Part Research Report', 'filters': '{"item_code":"SKU001"}', 'ignore_prepared_report': 'false', 'are_default_filters': 'false', 'cmd': 'frappe.desk.query_report.run'}
2025-06-27 14:59:08,083 ERROR frappe New Exception collected in error log
Site: erp.mylocal.site
Form Dict: {'report_name': 'Part Research Report', 'filters': '{"item_code":"SKU001"}', 'ignore_prepared_report': 'false', 'are_default_filters': 'false', 'cmd': 'frappe.desk.query_report.run'}
2025-06-27 14:59:17,198 ERROR frappe New Exception collected in error log
Site: erp.mylocal.site
Form Dict: {'report_name': 'Part Research Report', 'filters': '{"item_code":"SKU001"}', 'ignore_prepared_report': 'false', 'are_default_filters': 'false', 'cmd': 'frappe.desk.query_report.run'}
2025-06-27 15:02:29,178 ERROR frappe New Exception collected in error log
Site: erp.mylocal.site
Form Dict: {'report_name': 'Part Research Report', 'filters': '{"item_code":"SKU001"}', 'ignore_prepared_report': 'false', 'are_default_filters': 'false', 'cmd': 'frappe.desk.query_report.run'}
2025-06-27 15:02:29,394 ERROR frappe New Exception collected in error log
Site: erp.mylocal.site
Form Dict: {'report_name': 'Part Research Report', 'filters': '{"item_code":"SKU001"}', 'ignore_prepared_report': 'false', 'are_default_filters': 'false', 'cmd': 'frappe.desk.query_report.run'}
2025-06-27 15:02:52,400 ERROR frappe New Exception collected in error log
Site: erp.mylocal.site
Form Dict: {'report_name': 'Part Research Report', 'filters': '{"item_code":"SKU001"}', 'ignore_prepared_report': 'false', 'are_default_filters': 'false', 'cmd': 'frappe.desk.query_report.run'}
2025-06-27 15:02:52,476 ERROR frappe New Exception collected in error log
Site: erp.mylocal.site
Form Dict: {'report_name': 'Part Research Report', 'filters': '{"item_code":"SKU001"}', 'ignore_prepared_report': 'false', 'are_default_filters': 'false', 'cmd': 'frappe.desk.query_report.run'}
2025-06-27 17:22:21,291 ERROR frappe New Exception collected in error log
Site: erp.mylocal.site
Form Dict: {'report_name': 'Part Research Report', 'filters': '{"item_code":"SKU001"}', 'ignore_prepared_report': 'false', 'are_default_filters': 'false', 'cmd': 'frappe.desk.query_report.run'}
2025-06-27 17:22:21,369 ERROR frappe New Exception collected in error log
Site: erp.mylocal.site
Form Dict: {'report_name': 'Part Research Report', 'filters': '{"item_code":"SKU001"}', 'ignore_prepared_report': 'false', 'are_default_filters': 'false', 'cmd': 'frappe.desk.query_report.run'}
2025-06-27 17:27:10,432 ERROR frappe New Exception collected in error log
Site: erp.mylocal.site
Form Dict: {'report_name': 'Part Research Report', 'filters': '{"item_code":"SKU001"}', 'ignore_prepared_report': 'false', 'are_default_filters': 'false', 'cmd': 'frappe.desk.query_report.run'}
2025-06-27 17:27:10,433 ERROR frappe New Exception collected in error log
Site: erp.mylocal.site
Form Dict: {'report_name': 'Part Research Report', 'filters': '{"item_code":"SKU001"}', 'ignore_prepared_report': 'false', 'are_default_filters': 'false', 'cmd': 'frappe.desk.query_report.run'}
2025-06-27 17:30:22,794 ERROR frappe New Exception collected in error log
Site: erp.mylocal.site
Form Dict: {'report_name': 'Part Research Report', 'filters': '{"item_code":"SKU001"}', 'ignore_prepared_report': 'false', 'are_default_filters': 'false', 'cmd': 'frappe.desk.query_report.run'}
2025-06-27 17:30:22,794 ERROR frappe New Exception collected in error log
Site: erp.mylocal.site
Form Dict: {'report_name': 'Part Research Report', 'filters': '{"item_code":"SKU001"}', 'ignore_prepared_report': 'false', 'are_default_filters': 'false', 'cmd': 'frappe.desk.query_report.run'}
2025-06-27 17:39:30,736 ERROR frappe New Exception collected in error log
Site: erp.mylocal.site
Form Dict: {'report_name': 'Part Research Report', 'filters': '{"item_code":"SKU001"}', 'ignore_prepared_report': 'false', 'are_default_filters': 'false', 'cmd': 'frappe.desk.query_report.run'}
2025-06-27 17:39:30,865 ERROR frappe New Exception collected in error log
Site: erp.mylocal.site
Form Dict: {'report_name': 'Part Research Report', 'filters': '{"item_code":"SKU001"}', 'ignore_prepared_report': 'false', 'are_default_filters': 'false', 'cmd': 'frappe.desk.query_report.run'}
2025-06-27 17:40:35,302 ERROR frappe New Exception collected in error log
Site: erp.mylocal.site
Form Dict: {'report_name': 'Part Research Report', 'filters': '{"item_code":"SKU001"}', 'ignore_prepared_report': 'false', 'are_default_filters': 'false', 'cmd': 'frappe.desk.query_report.run'}
2025-06-27 17:40:35,467 ERROR frappe New Exception collected in error log
Site: erp.mylocal.site
Form Dict: {'report_name': 'Part Research Report', 'filters': '{"item_code":"SKU001"}', 'ignore_prepared_report': 'false', 'are_default_filters': 'false', 'cmd': 'frappe.desk.query_report.run'}
2025-06-27 17:41:23,920 ERROR frappe New Exception collected in error log
Site: erp.mylocal.site
Form Dict: {'report_name': 'Part Research Report', 'filters': '{"item_code":"SKU001"}', 'ignore_prepared_report': 'false', 'are_default_filters': 'false', 'cmd': 'frappe.desk.query_report.run'}
2025-06-27 17:41:24,227 ERROR frappe New Exception collected in error log
Site: erp.mylocal.site
Form Dict: {'report_name': 'Part Research Report', 'filters': '{"item_code":"SKU001"}', 'ignore_prepared_report': 'false', 'are_default_filters': 'false', 'cmd': 'frappe.desk.query_report.run'}
2025-06-27 17:42:00,374 ERROR frappe New Exception collected in error log
Site: erp.mylocal.site
Form Dict: {'report_name': 'Part Research Report', 'filters': '{"item_code":"SKU001"}', 'ignore_prepared_report': 'false', 'are_default_filters': 'false', 'cmd': 'frappe.desk.query_report.run'}
2025-06-27 17:42:00,375 ERROR frappe New Exception collected in error log
Site: erp.mylocal.site
Form Dict: {'report_name': 'Part Research Report', 'filters': '{"item_code":"SKU001"}', 'ignore_prepared_report': 'false', 'are_default_filters': 'false', 'cmd': 'frappe.desk.query_report.run'}
2025-06-27 17:43:04,112 ERROR frappe New Exception collected in error log
Site: erp.mylocal.site
Form Dict: {'report_name': 'Part Research Report', 'filters': '{"item_code":"SKU001"}', 'ignore_prepared_report': 'false', 'are_default_filters': 'false', 'cmd': 'frappe.desk.query_report.run'}
2025-06-27 17:43:04,113 ERROR frappe New Exception collected in error log
Site: erp.mylocal.site
Form Dict: {'report_name': 'Part Research Report', 'filters': '{"item_code":"SKU001"}', 'ignore_prepared_report': 'false', 'are_default_filters': 'false', 'cmd': 'frappe.desk.query_report.run'}
2025-06-27 17:44:36,423 ERROR frappe New Exception collected in error log
Site: erp.mylocal.site
Form Dict: {'report_name': 'Part Research Report', 'filters': '{"item_code":"SKU001"}', 'ignore_prepared_report': 'false', 'are_default_filters': 'false', 'cmd': 'frappe.desk.query_report.run'}
2025-06-27 17:44:36,423 ERROR frappe New Exception collected in error log
Site: erp.mylocal.site
Form Dict: {'report_name': 'Part Research Report', 'filters': '{"item_code":"SKU001"}', 'ignore_prepared_report': 'false', 'are_default_filters': 'false', 'cmd': 'frappe.desk.query_report.run'}
2025-06-27 18:28:14,887 ERROR frappe New Exception collected in error log
Site: erp.mylocal.site
Form Dict: {'report_name': 'Part Research Report', 'filters': '{"item_code":"SKU001"}', 'ignore_prepared_report': 'false', 'are_default_filters': 'false', 'cmd': 'frappe.desk.query_report.run'}
2025-06-27 18:28:15,315 ERROR frappe New Exception collected in error log
Site: erp.mylocal.site
Form Dict: {'report_name': 'Part Research Report', 'filters': '{"item_code":"SKU001"}', 'ignore_prepared_report': 'false', 'are_default_filters': 'false', 'cmd': 'frappe.desk.query_report.run'}
2025-07-02 19:23:59,689 ERROR frappe New Exception collected in error log
Site: erp.mylocal.site
Form Dict: {}
2025-07-02 19:26:52,421 ERROR frappe New Exception collected in error log
Site: erp.mylocal.site
Form Dict: {}
2025-07-02 19:26:53,896 ERROR frappe New Exception collected in error log
Site: erp.mylocal.site
Form Dict: {}
2025-07-02 19:32:50,150 ERROR frappe New Exception collected in error log
Site: erp.mylocal.site
Form Dict: {}
2025-07-02 19:32:53,394 ERROR frappe New Exception collected in error log
Site: erp.mylocal.site
Form Dict: {}
2025-07-02 19:32:55,949 ERROR frappe New Exception collected in error log
Site: erp.mylocal.site
Form Dict: {'app_path': 'home'}
2025-07-02 19:32:56,368 ERROR frappe New Exception collected in error log
Site: erp.mylocal.site
Form Dict: {'app_path': 'home'}
2025-07-02 20:28:52,051 ERROR frappe New Exception collected in error log
Site: erp.mylocal.site
Form Dict: {}
2025-07-02 20:29:37,910 ERROR frappe New Exception collected in error log
Site: erp.mylocal.site
Form Dict: {}
2025-07-02 20:34:18,400 ERROR frappe New Exception collected in error log
Site: erp.mylocal.site
Form Dict: {}
2025-07-02 20:38:50,163 ERROR frappe New Exception collected in error log
Site: erp.mylocal.site
Form Dict: {}
2025-07-02 20:38:52,073 ERROR frappe New Exception collected in error log
Site: erp.mylocal.site
Form Dict: {}
2025-07-02 20:38:52,547 ERROR frappe New Exception collected in error log
Site: erp.mylocal.site
Form Dict: {}
2025-07-02 20:38:52,705 ERROR frappe New Exception collected in error log
Site: erp.mylocal.site
Form Dict: {}
2025-07-02 20:38:52,842 ERROR frappe New Exception collected in error log
Site: erp.mylocal.site
Form Dict: {}
2025-07-02 20:38:52,968 ERROR frappe New Exception collected in error log
Site: erp.mylocal.site
Form Dict: {}
2025-07-02 20:38:53,077 ERROR frappe New Exception collected in error log
Site: erp.mylocal.site
Form Dict: {}
2025-07-02 20:38:53,179 ERROR frappe New Exception collected in error log
Site: erp.mylocal.site
Form Dict: {}
2025-07-02 20:38:54,223 ERROR frappe New Exception collected in error log
Site: erp.mylocal.site
Form Dict: {}
2025-07-02 20:38:54,487 ERROR frappe New Exception collected in error log
Site: erp.mylocal.site
Form Dict: {}
2025-07-02 20:38:54,660 ERROR frappe New Exception collected in error log
Site: erp.mylocal.site
Form Dict: {}
2025-07-02 20:38:54,882 ERROR frappe New Exception collected in error log
Site: erp.mylocal.site
Form Dict: {}
2025-07-02 20:38:55,175 ERROR frappe New Exception collected in error log
Site: erp.mylocal.site
Form Dict: {}
2025-07-02 20:38:55,386 ERROR frappe New Exception collected in error log
Site: erp.mylocal.site
Form Dict: {}
2025-07-02 20:38:55,612 ERROR frappe New Exception collected in error log
Site: erp.mylocal.site
Form Dict: {}
2025-07-02 20:38:55,806 ERROR frappe New Exception collected in error log
Site: erp.mylocal.site
Form Dict: {}
2025-07-02 20:38:56,060 ERROR frappe New Exception collected in error log
Site: erp.mylocal.site
Form Dict: {}
2025-07-02 20:40:28,671 ERROR frappe New Exception collected in error log
Site: erp.mylocal.site
Form Dict: {}
2025-07-02 20:40:30,056 ERROR frappe New Exception collected in error log
Site: erp.mylocal.site
Form Dict: {}
2025-07-02 20:42:56,143 ERROR frappe New Exception collected in error log
Site: erp.mylocal.site
Form Dict: {}
2025-07-02 20:59:16,577 ERROR frappe New Exception collected in error log
Site: erp.mylocal.site
Form Dict: {}
2025-07-02 20:59:22,200 ERROR frappe New Exception collected in error log
Site: erp.mylocal.site
Form Dict: {}
2025-07-02 21:19:09,881 ERROR frappe New Exception collected in error log
Site: erp.mylocal.site
Form Dict: {}
2025-07-02 21:19:14,090 ERROR frappe New Exception collected in error log
Site: erp.mylocal.site
Form Dict: {}
2025-07-02 21:25:55,042 ERROR frappe New Exception collected in error log
Site: erp.mylocal.site
Form Dict: {}
2025-07-02 21:37:07,661 ERROR frappe New Exception collected in error log
Site: erp.mylocal.site
Form Dict: {}
2025-07-02 21:59:42,229 ERROR frappe New Exception collected in error log
Site: erp.mylocal.site
Form Dict: {}
2025-07-02 22:38:45,494 ERROR frappe New Exception collected in error log
Site: erp.mylocal.site
Form Dict: {}
2025-07-02 22:47:18,191 ERROR frappe New Exception collected in error log
Site: erp.mylocal.site
Form Dict: {}
2025-07-02 23:10:02,509 ERROR frappe New Exception collected in error log
Site: erp.mylocal.site
Form Dict: {}
2025-07-02 23:12:29,096 ERROR frappe New Exception collected in error log
Site: erp.mylocal.site
Form Dict: {}
2025-07-02 23:15:18,928 ERROR frappe New Exception collected in error log
Site: erp.mylocal.site
Form Dict: {}
